2020-03-22 19:15:08,247  INFO [com.gigaspaces.container] - Starting space...
********************************* System Report *********************************
GigaSpaces XAP 15.0.0
    Home: D:\Zufar\Igor
    Lookup Groups: xap-15.0.0
    Lookup Locators: 
Java:
    Java Runtime: Java(TM) SE Runtime Environment 10+46 (Oracle Corporation)
    Java VM: Java HotSpot(TM) 64-Bit Server VM 10+46 ("Oracle Corporation")
    Java Home: C:\Program Files\Java\jdk-10
    Memory: Currently used 75MB, Current heap size 142MB, Max heap size 1577MB
Operating System: Windows 10 [version=10.0, architecture=amd64, processors=4]
Process Id: 15012
Network:
    Local Host: [localhost/127.0.0.1] 
    lo: Software Loopback Interface 1 [IP addresses: 127.0.0.1 | 0:0:0:0:0:0:0:1]
*********************************************************************************
2020-03-22 19:15:08,416  INFO [com.sun.jini.reggie.GigaRegistrar] - Starting Lookup Service...
2020-03-22 19:15:13,384  INFO [com.sun.jini.reggie.GigaRegistrar] - Started Lookup Service [duration=4.967s, groups=[xap-15.0.0], service-id=a829a946-eaab-4796-9e9b-1b9460db7d42, locator=jini://localhost:4174/]
2020-03-22 19:15:15,406  INFO [org.apache.coyote.http11.Http11NioProtocol] - Starting ProtocolHandler ["http-nio-8000"]
2020-03-22 19:15:15,408  SEVERE [org.apache.catalina.util.LifecycleBase] - Failed to start component [Connector[HTTP/1.1-8000]]; Caused by: org.apache.catalina.LifecycleException: Protocol handler start failed
	at org.apache.catalina.connector.Connector.startInternal(Connector.java:1008)
	at org.apache.catalina.util.LifecycleBase.start(LifecycleBase.java:183)
	at org.apache.catalina.core.StandardService.addConnector(StandardService.java:226)
	at org.springframework.boot.web.embedded.tomcat.TomcatWebServer.addPreviouslyRemovedConnectors(TomcatWebServer.java:259)
	at org.springframework.boot.web.embedded.tomcat.TomcatWebServer.start(TomcatWebServer.java:197)
	at org.springframework.boot.web.servlet.context.ServletWebServerApplicationContext.startWebServer(ServletWebServerApplicationContext.java:311)
	at org.springframework.boot.web.servlet.context.ServletWebServerApplicationContext.finishRefresh(ServletWebServerApplicationContext.java:164)
	at org.springframework.context.support.AbstractApplicationContext.refresh(AbstractApplicationContext.java:552)
	at org.springframework.boot.web.servlet.context.ServletWebServerApplicationContext.refresh(ServletWebServerApplicationContext.java:142)
	at org.springframework.boot.SpringApplication.refresh(SpringApplication.java:775)
	at org.springframework.boot.SpringApplication.refreshContext(SpringApplication.java:397)
	at org.springframework.boot.SpringApplication.run(SpringApplication.java:316)
	at org.springframework.boot.builder.SpringApplicationBuilder.run(SpringApplicationBuilder.java:139)
	at com.apeiron.igor.application.AppInitializer.main(AppInitializer.java:30)
Caused by: java.net.BindException: Address already in use: bind
	at java.base/sun.nio.ch.Net.bind0(Native Method)
	at java.base/sun.nio.ch.Net.bind(Net.java:433)
	at java.base/sun.nio.ch.Net.bind(Net.java:425)
	at java.base/sun.nio.ch.ServerSocketChannelImpl.bind(ServerSocketChannelImpl.java:225)
	at java.base/sun.nio.ch.ServerSocketAdaptor.bind(ServerSocketAdaptor.java:74)
	at org.apache.tomcat.util.net.NioEndpoint.initServerSocket(NioEndpoint.java:236)
	at org.apache.tomcat.util.net.NioEndpoint.bind(NioEndpoint.java:210)
	at org.apache.tomcat.util.net.AbstractEndpoint.bindWithCleanup(AbstractEndpoint.java:1103)
	at org.apache.tomcat.util.net.AbstractEndpoint.start(AbstractEndpoint.java:1189)
	at org.apache.coyote.AbstractProtocol.start(AbstractProtocol.java:568)
	at org.apache.catalina.connector.Connector.startInternal(Connector.java:1005)
	... 13 more

2020-03-22 19:15:15,417  INFO [org.apache.coyote.http11.Http11NioProtocol] - Pausing ProtocolHandler ["http-nio-8000"]
2020-03-22 19:15:15,417  INFO [org.apache.catalina.core.StandardService] - Stopping service [Tomcat]
2020-03-22 19:15:15,424  INFO [org.apache.catalina.util.LifecycleBase] - The stop() method was called on component [StandardServer[-1]] after stop() had already been called. The second call will be ignored.
2020-03-22 19:15:15,425  INFO [org.apache.coyote.http11.Http11NioProtocol] - Stopping ProtocolHandler ["http-nio-8000"]
2020-03-22 19:15:15,425  INFO [org.apache.coyote.http11.Http11NioProtocol] - Destroying ProtocolHandler ["http-nio-8000"]
